[INFO ] 24 févr. 2020 12:23:35,298 [main] Challengeur - Vous avez choisi le mode Challenger 
[INFO ] 24 févr. 2020 12:23:35,306 [main] Challengeur - Dans ce mode de jeu, L'intelligence artificielle de l’ordinateur joue le rôle de défenseur. 
Elle définit une combinaison de 4 chiffres aléatoirement.
Vous avez le rôle d'attaquant vous devez faire une proposition de 4 chiffre
[INFO ] 24 févr. 2020 12:49:32,836 [main] GestionConfiguration - configuration acctuel :taille code 4 nombre d'essai 5 Mode devellopeur false
[INFO ] 24 févr. 2020 13:03:14,128 [main] GestionConfiguration - configuration acctuel :taille code 4 nombre d'essai 5 Mode devellopeur false
[INFO ] 24 févr. 2020 13:03:16,392 [main] Challengeur - Vous avez choisi le mode Challenger 
[INFO ] 24 févr. 2020 13:03:16,394 [main] Challengeur - Dans ce mode de jeu, L'intelligence artificielle de l’ordinateur joue le rôle de défenseur. 
Elle définit une combinaison de 4 chiffres aléatoirement.
Vous avez le rôle d'attaquant vous devez faire une proposition de 4 chiffre
[INFO ] 24 févr. 2020 14:13:12,128 [main] GestionConfiguration - configuration acctuel :taille code 4 nombre d'essai 5 Mode devellopeur false
[INFO ] 24 févr. 2020 14:13:46,996 [main] GestionConfiguration - configuration acctuel :taille code 4 nombre d'essai 5 Mode devellopeur false
[INFO ] 24 févr. 2020 14:14:30,626 [main] GestionConfiguration - configuration acctuel :taille code 4 nombre d'essai 5 Mode devellopeur false
[INFO ] 24 févr. 2020 14:17:14,936 [main] GestionConfiguration - configuration acctuel :taille code 4 nombre d'essai 5 Mode devellopeur false
[INFO ] 24 févr. 2020 14:19:38,383 [main] GestionConfiguration - configuration acctuel :taille code 4 nombre d'essai 5 Mode devellopeur false
[INFO ] 24 févr. 2020 15:13:46,949 [main] GestionConfiguration - configuration acctuel :taille code 4 nombre d'essai 5 Mode devellopeur false
[INFO ] 24 févr. 2020 15:13:49,204 [main] Challengeur - Vous avez choisi le mode Challenger 
[INFO ] 24 févr. 2020 15:13:49,205 [main] Challengeur - Dans ce mode de jeu, L'intelligence artificielle de l’ordinateur joue le rôle de défenseur. 
Elle définit une combinaison de 4 chiffres aléatoirement.
Vous avez le rôle d'attaquant vous devez faire une proposition de 4 chiffre
[INFO ] 24 févr. 2020 15:17:44,708 [main] GestionConfiguration - configuration acctuel :taille code 4 nombre d'essai 5 Mode devellopeur false
[INFO ] 24 févr. 2020 16:28:01,086 [main] GestionConfiguration - configuration acctuel :taille code 4 nombre d'essai 5 Mode devellopeur false
[INFO ] 24 févr. 2020 16:29:04,686 [main] GestionConfiguration - configuration acctuel :taille code 4 nombre d'essai 5 Mode devellopeur false
[INFO ] 24 févr. 2020 17:15:06,918 [main] GestionConfiguration - configuration acctuel :taille code 4 nombre d'essai 5 Mode devellopeur false
[INFO ] 24 févr. 2020 17:17:54,268 [main] GestionConfiguration - configuration acctuel :taille code 4 nombre d'essai 5 Mode devellopeur false
[INFO ] 24 févr. 2020 17:17:56,319 [main] Challengeur - Vous avez choisi le mode Challenger 
[INFO ] 24 févr. 2020 17:17:56,319 [main] Challengeur - Dans ce mode de jeu, L'intelligence artificielle de l’ordinateur joue le rôle de défenseur. 
Elle définit une combinaison de 4 chiffres aléatoirement.
Vous avez le rôle d'attaquant vous devez faire une proposition de 4 chiffre
[INFO ] 24 févr. 2020 17:18:23,925 [main] GestionConfiguration - configuration acctuel :taille code 4 nombre d'essai 5 Mode devellopeur false
[INFO ] 24 févr. 2020 17:19:59,573 [main] GestionConfiguration - configuration acctuel :taille code 4 nombre d'essai 5 Mode devellopeur false
[INFO ] 24 févr. 2020 17:20:01,380 [main] Challengeur - Vous avez choisi le mode Challenger 
[INFO ] 24 févr. 2020 17:20:01,380 [main] Challengeur - Dans ce mode de jeu, L'intelligence artificielle de l’ordinateur joue le rôle de défenseur. 
Elle définit une combinaison de 4 chiffres aléatoirement.
Vous avez le rôle d'attaquant vous devez faire une proposition de 4 chiffre
[INFO ] 24 févr. 2020 17:23:11,771 [main] GestionConfiguration - configuration acctuel :taille code 4 nombre d'essai 5 Mode devellopeur false
[INFO ] 24 févr. 2020 17:23:15,715 [main] Challengeur - Vous avez choisi le mode Challenger 
[INFO ] 24 févr. 2020 17:23:15,715 [main] Challengeur - Dans ce mode de jeu, L'intelligence artificielle de l’ordinateur joue le rôle de défenseur. 
Elle définit une combinaison de 4 chiffres aléatoirement.
Vous avez le rôle d'attaquant vous devez faire une proposition de 4 chiffre
[INFO ] 24 févr. 2020 19:33:02,182 [main] GestionConfiguration - configuration acctuel :taille code 4 nombre d'essai 5 Mode devellopeur false
[INFO ] 24 févr. 2020 19:33:39,961 [main] GestionConfiguration - configuration acctuel :taille code 4 nombre d'essai 5 Mode devellopeur false
[INFO ] 24 févr. 2020 19:34:10,403 [main] GestionConfiguration - configuration acctuel :taille code 4 nombre d'essai 5 Mode devellopeur false
[INFO ] 24 févr. 2020 19:35:05,347 [main] GestionConfiguration - configuration acctuel :taille code 4 nombre d'essai 5 Mode devellopeur false
[INFO ] 24 févr. 2020 19:35:07,246 [main] Challengeur - Vous avez choisi le mode Challenger 
[INFO ] 24 févr. 2020 19:35:07,246 [main] Challengeur - Dans ce mode de jeu, L'intelligence artificielle de l’ordinateur joue le rôle de défenseur. 
Elle définit une combinaison de 4 chiffres aléatoirement.
Vous avez le rôle d'attaquant vous devez faire une proposition de 4 chiffre
[INFO ] 24 févr. 2020 19:36:16,885 [main] GestionConfiguration - configuration acctuel :taille code 4 nombre d'essai 5 Mode devellopeur false
[INFO ] 24 févr. 2020 19:36:32,082 [main] GestionConfiguration - configuration acctuel :taille code 4 nombre d'essai 5 Mode devellopeur false
[INFO ] 24 févr. 2020 19:36:33,679 [main] Challengeur - Vous avez choisi le mode Challenger 
[INFO ] 24 févr. 2020 19:36:33,679 [main] Challengeur - Dans ce mode de jeu, L'intelligence artificielle de l’ordinateur joue le rôle de défenseur. 
Elle définit une combinaison de 4 chiffres aléatoirement.
Vous avez le rôle d'attaquant vous devez faire une proposition de 4 chiffre
[INFO ] 24 févr. 2020 23:25:11,984 [main] GestionConfiguration - configuration acctuel :taille code 4 nombre d'essai 5 Mode devellopeur false
[INFO ] 24 févr. 2020 23:25:14,617 [main] Challengeur - Vous avez choisi le mode Challenger 
[INFO ] 24 févr. 2020 23:25:14,617 [main] Challengeur - Dans ce mode de jeu, L'intelligence artificielle de l’ordinateur joue le rôle de défenseur. 
Elle définit une combinaison de 4 chiffres aléatoirement.
Vous avez le rôle d'attaquant vous devez faire une proposition de 4 chiffre
[INFO ] 25 févr. 2020 09:52:38,913 [main] GestionConfiguration - configuration acctuel :taille code 4 nombre d'essai 5 Mode devellopeur false
[INFO ] 25 févr. 2020 09:52:51,156 [main] GestionConfiguration - configuration acctuel :taille code 4 nombre d'essai 5 Mode devellopeur false
[INFO ] 25 févr. 2020 09:53:01,913 [main] GestionConfiguration - configuration acctuel :taille code 4 nombre d'essai 5 Mode devellopeur false
[INFO ] 25 févr. 2020 09:53:09,235 [main] GestionConfiguration - configuration acctuel :taille code 4 nombre d'essai 5 Mode devellopeur false
[INFO ] 25 févr. 2020 09:53:16,179 [main] Challengeur - Vous avez choisi le mode Challenger 
[INFO ] 25 févr. 2020 09:53:16,179 [main] Challengeur - Dans ce mode de jeu, L'intelligence artificielle de l’ordinateur joue le rôle de défenseur. 
Elle définit une combinaison de 4 chiffres aléatoirement.
Vous avez le rôle d'attaquant vous devez faire une proposition de 4 chiffre
[INFO ] 25 févr. 2020 10:00:06,634 [main] GestionConfiguration - configuration acctuel :taille code 4 nombre d'essai 5 Mode devellopeur false
[INFO ] 25 févr. 2020 10:02:50,625 [main] GestionConfiguration - configuration acctuel :taille code 4 nombre d'essai 5 Mode devellopeur false
[INFO ] 25 févr. 2020 10:03:26,485 [main] GestionConfiguration - configuration acctuel :taille code 4 nombre d'essai 5 Mode devellopeur false
[INFO ] 25 févr. 2020 10:05:31,908 [main] GestionConfiguration - configuration acctuel :taille code 4 nombre d'essai 5 Mode devellopeur false
[INFO ] 25 févr. 2020 10:06:41,306 [main] GestionConfiguration - configuration acctuel :taille code 4 nombre d'essai 5 Mode devellopeur false
[INFO ] 25 févr. 2020 10:06:43,405 [main] Challengeur - Vous avez choisi le mode Challenger 
[INFO ] 25 févr. 2020 10:06:43,405 [main] Challengeur - Dans ce mode de jeu, L'intelligence artificielle de l’ordinateur joue le rôle de défenseur. 
Elle définit une combinaison de 4 chiffres aléatoirement.
Vous avez le rôle d'attaquant vous devez faire une proposition de 4 chiffre
[INFO ] 25 févr. 2020 10:09:19,627 [main] GestionConfiguration - configuration acctuel :taille code 4 nombre d'essai 15 Mode devellopeur false
[INFO ] 25 févr. 2020 10:09:21,958 [main] Challengeur - Vous avez choisi le mode Challenger 
[INFO ] 25 févr. 2020 10:09:21,958 [main] Challengeur - Dans ce mode de jeu, L'intelligence artificielle de l’ordinateur joue le rôle de défenseur. 
Elle définit une combinaison de 4 chiffres aléatoirement.
Vous avez le rôle d'attaquant vous devez faire une proposition de 4 chiffre
[INFO ] 25 févr. 2020 10:16:36,032 [main] GestionConfiguration - configuration acctuel :taille code 4 nombre d'essai 5 Mode devellopeur false
[INFO ] 25 févr. 2020 10:17:29,277 [main] GestionConfiguration - configuration acctuel :taille code 4 nombre d'essai 5 Mode devellopeur false
[INFO ] 25 févr. 2020 10:18:21,862 [main] GestionConfiguration - configuration acctuel :taille code 4 nombre d'essai 5 Mode devellopeur false
[INFO ] 25 févr. 2020 10:32:45,879 [main] GestionConfiguration - configuration acctuel :taille code 4 nombre d'essai 5 Mode devellopeur false
[INFO ] 25 févr. 2020 11:36:49,441 [main] GestionConfiguration - configuration acctuel :taille code 4 nombre d'essai 5 Mode devellopeur false
[INFO ] 25 févr. 2020 11:39:22,215 [main] GestionConfiguration - configuration acctuel :taille code 4 nombre d'essai 5 Mode devellopeur false
[INFO ] 25 févr. 2020 11:39:38,187 [main] GestionConfiguration - configuration acctuel :taille code 4 nombre d'essai 5 Mode devellopeur false
[INFO ] 25 févr. 2020 11:40:16,404 [main] GestionConfiguration - configuration acctuel :taille code 4 nombre d'essai 5 Mode devellopeur false
[INFO ] 25 févr. 2020 11:40:18,193 [main] Challengeur - Vous avez choisi le mode Challenger 
[INFO ] 25 févr. 2020 11:40:18,193 [main] Challengeur - Dans ce mode de jeu, L'intelligence artificielle de l’ordinateur joue le rôle de défenseur. 
Elle définit une combinaison de 4 chiffres aléatoirement.
Vous avez le rôle d'attaquant vous devez faire une proposition de 4 chiffre
[INFO ] 25 févr. 2020 11:41:06,354 [main] GestionConfiguration - configuration acctuel :taille code 4 nombre d'essai 5 Mode devellopeur false
[INFO ] 25 févr. 2020 11:42:33,041 [main] GestionConfiguration - configuration acctuel :taille code 4 nombre d'essai 5 Mode devellopeur false
[INFO ] 25 févr. 2020 11:43:02,979 [main] GestionConfiguration - configuration acctuel :taille code 4 nombre d'essai 5 Mode devellopeur false
[INFO ] 25 févr. 2020 11:44:55,055 [main] GestionConfiguration - configuration acctuel :taille code 4 nombre d'essai 5 Mode devellopeur false
[INFO ] 25 févr. 2020 11:52:14,625 [main] GestionConfiguration - configuration acctuel :taille code 4 nombre d'essai 5 Mode devellopeur false
[INFO ] 25 févr. 2020 11:52:17,134 [main] Challengeur - Vous avez choisi le mode Challenger 
[INFO ] 25 févr. 2020 11:52:17,149 [main] Challengeur - Dans ce mode de jeu, L'intelligence artificielle de l’ordinateur joue le rôle de défenseur. 
Elle définit une combinaison de 4 chiffres aléatoirement.
Vous avez le rôle d'attaquant vous devez faire une proposition de 4 chiffre
[INFO ] 25 févr. 2020 11:52:32,653 [main] GestionConfiguration - configuration acctuel :taille code 4 nombre d'essai 5 Mode devellopeur true
[INFO ] 25 févr. 2020 11:52:34,402 [main] Challengeur - Vous avez choisi le mode Challenger 
[INFO ] 25 févr. 2020 11:52:34,402 [main] Challengeur - Dans ce mode de jeu, L'intelligence artificielle de l’ordinateur joue le rôle de défenseur. 
Elle définit une combinaison de 4 chiffres aléatoirement.
Vous avez le rôle d'attaquant vous devez faire une proposition de 4 chiffre
[INFO ] 25 févr. 2020 11:53:36,198 [main] GestionConfiguration - configuration acctuel :taille code 4 nombre d'essai 5 Mode devellopeur true
[INFO ] 25 févr. 2020 11:53:38,454 [main] Challengeur - Vous avez choisi le mode Challenger 
[INFO ] 25 févr. 2020 11:53:38,454 [main] Challengeur - Dans ce mode de jeu, L'intelligence artificielle de l’ordinateur joue le rôle de défenseur. 
Elle définit une combinaison de 4 chiffres aléatoirement.
Vous avez le rôle d'attaquant vous devez faire une proposition de 4 chiffre
[INFO ] 25 févr. 2020 11:54:41,089 [main] GestionConfiguration - configuration acctuel :taille code 4 nombre d'essai 5 Mode devellopeur true
[INFO ] 25 févr. 2020 11:57:21,522 [main] GestionConfiguration - configuration acctuel :taille code 4 nombre d'essai 5 Mode devellopeur true
[INFO ] 25 févr. 2020 11:57:23,781 [main] Challengeur - Vous avez choisi le mode Challenger 
[INFO ] 25 févr. 2020 11:57:23,781 [main] Challengeur - Dans ce mode de jeu, L'intelligence artificielle de l’ordinateur joue le rôle de défenseur. 
Elle définit une combinaison de 4 chiffres aléatoirement.
Vous avez le rôle d'attaquant vous devez faire une proposition de 4 chiffre
[INFO ] 25 févr. 2020 11:57:39,459 [main] GestionConfiguration - configuration acctuel :taille code 4 nombre d'essai 5 Mode devellopeur true
[INFO ] 25 févr. 2020 11:57:41,045 [main] Challengeur - Vous avez choisi le mode Challenger 
[INFO ] 25 févr. 2020 11:57:41,045 [main] Challengeur - Dans ce mode de jeu, L'intelligence artificielle de l’ordinateur joue le rôle de défenseur. 
Elle définit une combinaison de 4 chiffres aléatoirement.
Vous avez le rôle d'attaquant vous devez faire une proposition de 4 chiffre
[INFO ] 25 févr. 2020 11:59:31,373 [main] GestionConfiguration - configuration acctuel :taille code 4 nombre d'essai 5 Mode devellopeur true
[INFO ] 25 févr. 2020 11:59:52,213 [main] GestionConfiguration - configuration acctuel :taille code 4 nombre d'essai 5 Mode devellopeur true
[INFO ] 25 févr. 2020 12:00:05,268 [main] GestionConfiguration - configuration acctuel :taille code 4 nombre d'essai 5 Mode devellopeur true
[INFO ] 25 févr. 2020 12:01:41,898 [main] GestionConfiguration - configuration acctuel :taille code 4 nombre d'essai 10 Mode devellopeur true
[INFO ] 25 févr. 2020 12:13:20,426 [main] GestionConfiguration - configuration acctuel :taille code 4 nombre d'essai 10 Mode devellopeur true
[INFO ] 25 févr. 2020 12:15:13,193 [main] GestionConfiguration - configuration acctuel :taille code 4 nombre d'essai 10 Mode devellopeur true
[INFO ] 25 févr. 2020 12:15:51,000 [main] GestionConfiguration - configuration acctuel :taille code 4 nombre d'essai 10 Mode devellopeur true
[INFO ] 25 févr. 2020 12:16:44,390 [main] GestionConfiguration - configuration acctuel :taille code 4 nombre d'essai 10 Mode devellopeur true
[INFO ] 25 févr. 2020 12:17:20,919 [main] GestionConfiguration - configuration acctuel :taille code 4 nombre d'essai 10 Mode devellopeur true
[INFO ] 25 févr. 2020 15:46:36,843 [main] GestionConfiguration - configuration acctuel :taille code 4 nombre d'essai 10 Mode devellopeur true
[INFO ] 25 févr. 2020 15:50:28,220 [main] GestionConfiguration - configuration acctuel :taille code 4 nombre d'essai 10 Mode devellopeur true
[INFO ] 25 févr. 2020 15:50:45,785 [main] GestionConfiguration - configuration acctuel :taille code 4 nombre d'essai 10 Mode devellopeur true
[INFO ] 26 févr. 2020 11:48:02,481 [main] GestionConfiguration - configuration acctuel :taille code 4 nombre d'essai 10 Mode devellopeur true
[INFO ] 26 févr. 2020 11:48:55,047 [main] GestionConfiguration - configuration acctuel :taille code 4 nombre d'essai 10 Mode devellopeur true
[INFO ] 26 févr. 2020 11:49:03,448 [main] Challengeur - Vous avez choisi le mode Challenger 
[INFO ] 26 févr. 2020 11:49:06,351 [main] Challengeur - Dans ce mode de jeu, L'intelligence artificielle de l’ordinateur joue le rôle de défenseur. 
Elle définit une combinaison de 4 chiffres aléatoirement.
Vous avez le rôle d'attaquant vous devez faire une proposition de 4 chiffre
[INFO ] 26 févr. 2020 11:55:39,956 [main] GestionConfiguration - configuration acctuel :taille code 4 nombre d'essai 10 Mode devellopeur true
[INFO ] 26 févr. 2020 11:55:41,740 [main] GestionConfiguration - configuration acctuel :taille code 4 nombre d'essai 10 Mode devellopeur true
[INFO ] 26 févr. 2020 11:55:51,727 [main] GestionConfiguration - configuration acctuel :taille code 4 nombre d'essai 10 Mode devellopeur true
[INFO ] 26 févr. 2020 11:56:03,127 [main] Challengeur - Vous avez choisi le mode Challenger 
[INFO ] 26 févr. 2020 11:56:05,183 [main] Challengeur - Dans ce mode de jeu, L'intelligence artificielle de l’ordinateur joue le rôle de défenseur. 
Elle définit une combinaison de 4 chiffres aléatoirement.
Vous avez le rôle d'attaquant vous devez faire une proposition de 4 chiffre
[INFO ] 26 févr. 2020 11:58:07,317 [main] GestionConfiguration - configuration acctuel :taille code 4 nombre d'essai 10 Mode devellopeur true
[INFO ] 26 févr. 2020 11:58:13,163 [main] Challengeur - Vous avez choisi le mode Challenger 
[INFO ] 26 févr. 2020 11:58:13,396 [main] Challengeur - Dans ce mode de jeu, L'intelligence artificielle de l’ordinateur joue le rôle de défenseur. 
Elle définit une combinaison de 4 chiffres aléatoirement.
Vous avez le rôle d'attaquant vous devez faire une proposition de 4 chiffre
[INFO ] 26 févr. 2020 12:00:18,882 [main] GestionConfiguration - configuration acctuel :taille code 4 nombre d'essai 10 Mode devellopeur true
[INFO ] 26 févr. 2020 12:01:02,350 [main] GestionConfiguration - configuration acctuel :taille code 4 nombre d'essai 10 Mode devellopeur true
[INFO ] 26 févr. 2020 12:01:25,892 [main] GestionConfiguration - configuration acctuel :taille code 4 nombre d'essai 10 Mode devellopeur true
[INFO ] 26 févr. 2020 12:28:56,124 [main] GestionConfiguration - configuration acctuel :taille code 4 nombre d'essai 10 Mode devellopeur true
[INFO ] 26 févr. 2020 12:32:24,905 [main] GestionConfiguration - configuration acctuel :taille code 4 nombre d'essai 10 Mode devellopeur true
[INFO ] 26 févr. 2020 12:33:00,725 [main] GestionConfiguration - configuration acctuel :taille code 4 nombre d'essai 10 Mode devellopeur true
[INFO ] 26 févr. 2020 12:33:58,787 [main] GestionConfiguration - configuration acctuel :taille code 4 nombre d'essai 10 Mode devellopeur true
[INFO ] 26 févr. 2020 12:34:21,061 [main] GestionConfiguration - configuration acctuel :taille code 4 nombre d'essai 10 Mode devellopeur true
[INFO ] 26 févr. 2020 12:34:42,087 [main] GestionConfiguration - configuration acctuel :taille code 4 nombre d'essai 10 Mode devellopeur true
[INFO ] 26 févr. 2020 12:35:08,499 [main] GestionConfiguration - configuration acctuel :taille code 4 nombre d'essai 10 Mode devellopeur true
[INFO ] 26 févr. 2020 12:36:52,209 [main] GestionConfiguration - configuration acctuel :taille code 4 nombre d'essai 10 Mode devellopeur true
[INFO ] 26 févr. 2020 12:38:07,478 [main] GestionConfiguration - configuration acctuel :taille code 4 nombre d'essai 10 Mode devellopeur true
[INFO ] 26 févr. 2020 12:38:47,078 [main] GestionConfiguration - configuration acctuel :taille code 4 nombre d'essai 10 Mode devellopeur true
[INFO ] 26 févr. 2020 14:45:11,384 [main] GestionConfiguration - configuration acctuel :taille code 4 nombre d'essai 10 Mode devellopeur true
[INFO ] 26 févr. 2020 14:46:00,168 [main] GestionConfiguration - configuration acctuel :taille code 4 nombre d'essai 10 Mode devellopeur true
[INFO ] 26 févr. 2020 15:06:15,377 [main] GestionConfiguration - configuration acctuel :taille code 4 nombre d'essai 10 Mode devellopeur true
[INFO ] 26 févr. 2020 15:08:00,600 [main] GestionConfiguration - configuration acctuel :taille code 4 nombre d'essai 10 Mode devellopeur true
[INFO ] 26 févr. 2020 15:08:29,701 [main] GestionConfiguration - configuration acctuel :taille code 4 nombre d'essai 10 Mode devellopeur true
[INFO ] 26 févr. 2020 15:10:04,881 [main] GestionConfiguration - configuration acctuel :taille code 4 nombre d'essai 10 Mode devellopeur true
[INFO ] 26 févr. 2020 15:10:19,818 [main] GestionConfiguration - configuration acctuel :taille code 4 nombre d'essai 10 Mode devellopeur true
[INFO ] 26 févr. 2020 15:10:33,630 [main] GestionConfiguration - configuration acctuel :taille code 4 nombre d'essai 10 Mode devellopeur true
[INFO ] 26 févr. 2020 15:12:09,083 [main] GestionConfiguration - configuration acctuel :taille code 4 nombre d'essai 10 Mode devellopeur true
[INFO ] 26 févr. 2020 15:13:25,922 [main] GestionConfiguration - configuration acctuel :taille code 4 nombre d'essai 10 Mode devellopeur true
[INFO ] 26 févr. 2020 15:13:51,639 [main] GestionConfiguration - configuration acctuel :taille code 4 nombre d'essai 10 Mode devellopeur true
[INFO ] 26 févr. 2020 15:18:07,929 [main] GestionConfiguration - configuration acctuel :taille code 4 nombre d'essai 10 Mode devellopeur true
[INFO ] 26 févr. 2020 15:19:36,581 [main] GestionConfiguration - configuration acctuel :taille code 4 nombre d'essai 10 Mode devellopeur true
[INFO ] 26 févr. 2020 15:21:40,824 [main] GestionConfiguration - configuration acctuel :taille code 4 nombre d'essai 10 Mode devellopeur true
[INFO ] 26 févr. 2020 15:21:57,303 [main] GestionConfiguration - configuration acctuel :taille code 4 nombre d'essai 10 Mode devellopeur true
[INFO ] 26 févr. 2020 15:22:19,185 [main] GestionConfiguration - configuration acctuel :taille code 4 nombre d'essai 10 Mode devellopeur true
[INFO ] 26 févr. 2020 15:26:25,828 [main] GestionConfiguration - configuration acctuel :taille code 4 nombre d'essai 10 Mode devellopeur true
[INFO ] 26 févr. 2020 16:43:47,431 [main] GestionConfiguration - configuration acctuel :taille code 4 nombre d'essai 10 Mode devellopeur true
[INFO ] 26 févr. 2020 16:44:01,835 [main] GestionConfiguration - configuration acctuel :taille code 4 nombre d'essai 10 Mode devellopeur true
[INFO ] 26 févr. 2020 17:46:06,298 [main] GestionConfiguration - configuration acctuel :taille code 4 nombre d'essai 10 Mode devellopeur true
[INFO ] 26 févr. 2020 17:46:45,567 [main] GestionConfiguration - configuration acctuel :taille code 4 nombre d'essai 10 Mode devellopeur true
[INFO ] 26 févr. 2020 17:47:08,599 [main] GestionConfiguration - configuration acctuel :taille code 4 nombre d'essai 10 Mode devellopeur true
[INFO ] 26 févr. 2020 17:47:26,337 [main] GestionConfiguration - configuration acctuel :taille code 4 nombre d'essai 10 Mode devellopeur true
[INFO ] 27 févr. 2020 11:17:14,719 [main] GestionConfiguration - configuration acctuel :taille code 4 nombre d'essai 10 Mode devellopeur true
[INFO ] 27 févr. 2020 11:18:00,729 [main] GestionConfiguration - configuration acctuel :taille code 4 nombre d'essai 10 Mode devellopeur true
[INFO ] 27 févr. 2020 11:21:32,389 [main] GestionConfiguration - configuration acctuel :taille code 4 nombre d'essai 10 Mode devellopeur true
[INFO ] 27 févr. 2020 11:23:19,783 [main] GestionConfiguration - configuration acctuel :taille code 4 nombre d'essai 10 Mode devellopeur true
[INFO ] 27 févr. 2020 11:24:41,301 [main] GestionConfiguration - configuration acctuel :taille code 4 nombre d'essai 10 Mode devellopeur true
[INFO ] 27 févr. 2020 11:26:01,650 [main] GestionConfiguration - configuration acctuel :taille code 4 nombre d'essai 10 Mode devellopeur true
[INFO ] 01 mars 2020 18:43:14,977 [main] GestionConfiguration - configuration acctuel :taille code 4 nombre d'essai 10 Mode devellopeur true
[INFO ] 01 mars 2020 18:43:26,862 [main] Challengeur - Vous avez choisi le mode Challenger 
[INFO ] 01 mars 2020 18:43:26,863 [main] Challengeur - Dans ce mode de jeu, L'intelligence artificielle de l’ordinateur joue le rôle de défenseur. 
Elle définit une combinaison de 4 chiffres aléatoirement.
Vous avez le rôle d'attaquant vous devez faire une proposition de 4 chiffre
[INFO ] 01 mars 2020 18:43:59,829 [main] GestionConfiguration - configuration acctuel :taille code 4 nombre d'essai 10 Mode devellopeur true
[INFO ] 01 mars 2020 18:52:36,175 [main] GestionConfiguration - configuration acctuel :taille code 4 nombre d'essai 10 Mode devellopeur true
[INFO ] 01 mars 2020 19:11:48,115 [main] GestionConfiguration - configuration acctuel :taille code 4 nombre d'essai 10 Mode devellopeur true
[INFO ] 01 mars 2020 19:11:55,643 [main] Challengeur - Vous avez choisi le mode Challenger 
[INFO ] 01 mars 2020 19:11:55,644 [main] Challengeur - Dans ce mode de jeu, L'intelligence artificielle de l’ordinateur joue le rôle de défenseur. 
Elle définit une combinaison de 4 chiffres aléatoirement.
Vous avez le rôle d'attaquant vous devez faire une proposition de 4 chiffre
[INFO ] 01 mars 2020 19:44:48,109 [main] GestionConfiguration - configuration acctuel :taille code 4 nombre d'essai 10 Mode devellopeur true
[INFO ] 01 mars 2020 19:45:11,641 [main] GestionConfiguration - configuration acctuel :taille code 4 nombre d'essai 10 Mode devellopeur true
[INFO ] 01 mars 2020 19:46:56,652 [main] GestionConfiguration - configuration acctuel :taille code 4 nombre d'essai 10 Mode devellopeur true
[INFO ] 01 mars 2020 19:51:01,695 [main] GestionConfiguration - configuration acctuel :taille code 4 nombre d'essai 10 Mode devellopeur true
[INFO ] 01 mars 2020 19:52:47,673 [main] GestionConfiguration - configuration acctuel :taille code 4 nombre d'essai 10 Mode devellopeur true
[INFO ] 01 mars 2020 19:53:21,739 [main] GestionConfiguration - configuration acctuel :taille code 4 nombre d'essai 10 Mode devellopeur true
[INFO ] 01 mars 2020 19:56:16,754 [main] GestionConfiguration - configuration acctuel :taille code 4 nombre d'essai 10 Mode devellopeur true
[INFO ] 01 mars 2020 19:57:16,233 [main] GestionConfiguration - configuration acctuel :taille code 4 nombre d'essai 10 Mode devellopeur true
[INFO ] 01 mars 2020 19:57:41,314 [main] GestionConfiguration - configuration acctuel :taille code 4 nombre d'essai 10 Mode devellopeur true
[INFO ] 01 mars 2020 19:58:03,907 [main] GestionConfiguration - configuration acctuel :taille code 4 nombre d'essai 10 Mode devellopeur true
[INFO ] 01 mars 2020 20:00:13,729 [main] GestionConfiguration - configuration acctuel :taille code 4 nombre d'essai 10 Mode devellopeur true
[INFO ] 01 mars 2020 20:00:38,400 [main] GestionConfiguration - configuration acctuel :taille code 4 nombre d'essai 10 Mode devellopeur true
[INFO ] 01 mars 2020 20:08:13,818 [main] GestionConfiguration - configuration acctuel :taille code 4 nombre d'essai 10 Mode devellopeur true
[INFO ] 01 mars 2020 20:09:44,505 [main] GestionConfiguration - configuration acctuel :taille code 4 nombre d'essai 10 Mode devellopeur true
[INFO ] 01 mars 2020 20:10:33,683 [main] GestionConfiguration - configuration acctuel :taille code 4 nombre d'essai 10 Mode devellopeur true
[INFO ] 01 mars 2020 20:10:52,014 [main] GestionConfiguration - configuration acctuel :taille code 4 nombre d'essai 10 Mode devellopeur true
[INFO ] 01 mars 2020 20:11:23,284 [main] GestionConfiguration - configuration acctuel :taille code 4 nombre d'essai 10 Mode devellopeur true
[INFO ] 01 mars 2020 20:12:09,466 [main] GestionConfiguration - configuration acctuel :taille code 4 nombre d'essai 10 Mode devellopeur true
[INFO ] 01 mars 2020 20:12:44,510 [main] GestionConfiguration - configuration acctuel :taille code 4 nombre d'essai 10 Mode devellopeur true
[INFO ] 01 mars 2020 20:13:27,758 [main] GestionConfiguration - configuration acctuel :taille code 4 nombre d'essai 10 Mode devellopeur true
[INFO ] 01 mars 2020 20:13:49,181 [main] GestionConfiguration - configuration acctuel :taille code 4 nombre d'essai 10 Mode devellopeur true
[INFO ] 01 mars 2020 20:16:38,135 [main] GestionConfiguration - configuration acctuel :taille code 4 nombre d'essai 10 Mode devellopeur true
[INFO ] 01 mars 2020 20:25:02,262 [main] GestionConfiguration - configuration acctuel :taille code 4 nombre d'essai 10 Mode devellopeur true
[INFO ] 01 mars 2020 20:27:01,367 [main] GestionConfiguration - configuration acctuel :taille code 4 nombre d'essai 10 Mode devellopeur true
[INFO ] 01 mars 2020 20:35:49,567 [main] GestionConfiguration - configuration acctuel :taille code 4 nombre d'essai 10 Mode devellopeur true
[INFO ] 01 mars 2020 20:36:00,875 [main] GestionConfiguration - configuration acctuel :taille code 4 nombre d'essai 10 Mode devellopeur true
[INFO ] 01 mars 2020 20:37:12,397 [main] GestionConfiguration - configuration acctuel :taille code 4 nombre d'essai 10 Mode devellopeur true
[INFO ] 01 mars 2020 20:38:23,332 [main] GestionConfiguration - configuration acctuel :taille code 4 nombre d'essai 10 Mode devellopeur true
[INFO ] 01 mars 2020 20:39:42,418 [main] GestionConfiguration - configuration acctuel :taille code 4 nombre d'essai 10 Mode devellopeur true
[INFO ] 01 mars 2020 20:40:16,742 [main] GestionConfiguration - configuration acctuel :taille code 4 nombre d'essai 10 Mode devellopeur true
[INFO ] 01 mars 2020 20:43:28,901 [main] GestionConfiguration - configuration acctuel :taille code 4 nombre d'essai 10 Mode devellopeur true
[INFO ] 01 mars 2020 20:44:07,298 [main] GestionConfiguration - configuration acctuel :taille code 4 nombre d'essai 10 Mode devellopeur true
[INFO ] 01 mars 2020 20:50:11,976 [main] GestionConfiguration - configuration acctuel :taille code 4 nombre d'essai 10 Mode devellopeur true
[INFO ] 01 mars 2020 21:12:21,461 [main] GestionConfiguration - configuration acctuel :taille code 4 nombre d'essai 10 Mode devellopeur true
[INFO ] 01 mars 2020 21:13:11,865 [main] GestionConfiguration - configuration acctuel :taille code 4 nombre d'essai 10 Mode devellopeur true
[INFO ] 01 mars 2020 21:17:22,288 [main] GestionConfiguration - configuration acctuel :taille code 4 nombre d'essai 10 Mode devellopeur true
[INFO ] 01 mars 2020 21:19:47,914 [main] GestionConfiguration - configuration acctuel :taille code 4 nombre d'essai 10 Mode devellopeur true
[INFO ] 01 mars 2020 21:20:40,528 [main] GestionConfiguration - configuration acctuel :taille code 4 nombre d'essai 10 Mode devellopeur true
[INFO ] 01 mars 2020 21:51:38,495 [main] GestionConfiguration - configuration acctuel :taille code 4 nombre d'essai 10 Mode devellopeur true
[INFO ] 01 mars 2020 21:59:19,115 [main] GestionConfiguration - configuration acctuel :taille code 4 nombre d'essai 10 Mode devellopeur true
[INFO ] 01 mars 2020 21:59:38,875 [main] GestionConfiguration - configuration acctuel :taille code 4 nombre d'essai 10 Mode devellopeur true
[INFO ] 01 mars 2020 22:01:38,830 [main] GestionConfiguration - configuration acctuel :taille code 4 nombre d'essai 10 Mode devellopeur true
[INFO ] 01 mars 2020 22:03:20,127 [main] GestionConfiguration - configuration acctuel :taille code 4 nombre d'essai 10 Mode devellopeur true
[INFO ] 01 mars 2020 22:03:45,140 [main] GestionConfiguration - configuration acctuel :taille code 4 nombre d'essai 10 Mode devellopeur true
[INFO ] 01 mars 2020 22:04:04,644 [main] GestionConfiguration - configuration acctuel :taille code 4 nombre d'essai 10 Mode devellopeur true
[INFO ] 01 mars 2020 22:04:39,104 [main] GestionConfiguration - configuration acctuel :taille code 4 nombre d'essai 10 Mode devellopeur true
[INFO ] 01 mars 2020 23:58:53,799 [main] GestionConfiguration - configuration acctuel :taille code 4 nombre d'essai 10 Mode devellopeur true
[INFO ] 01 mars 2020 23:59:29,078 [main] GestionConfiguration - configuration acctuel :taille code 4 nombre d'essai 10 Mode devellopeur true
[INFO ] 01 mars 2020 23:59:51,044 [main] GestionConfiguration - configuration acctuel :taille code 4 nombre d'essai 10 Mode devellopeur true
[INFO ] 02 mars 2020 00:02:56,136 [main] GestionConfiguration - configuration acctuel :taille code 4 nombre d'essai 10 Mode devellopeur true
[INFO ] 02 mars 2020 00:06:35,949 [main] GestionConfiguration - configuration acctuel :taille code 4 nombre d'essai 10 Mode devellopeur true
[INFO ] 02 mars 2020 00:09:33,808 [main] GestionConfiguration - configuration acctuel :taille code 4 nombre d'essai 10 Mode devellopeur true
[INFO ] 02 mars 2020 00:10:28,580 [main] GestionConfiguration - configuration acctuel :taille code 4 nombre d'essai 10 Mode devellopeur true
[INFO ] 02 mars 2020 00:10:49,962 [main] GestionConfiguration - configuration acctuel :taille code 4 nombre d'essai 10 Mode devellopeur true
[INFO ] 02 mars 2020 00:11:38,112 [main] GestionConfiguration - configuration acctuel :taille code 4 nombre d'essai 10 Mode devellopeur true
[INFO ] 02 mars 2020 00:12:11,000 [main] GestionConfiguration - configuration acctuel :taille code 4 nombre d'essai 10 Mode devellopeur true
[INFO ] 02 mars 2020 00:15:42,271 [main] GestionConfiguration - configuration acctuel :taille code 4 nombre d'essai 10 Mode devellopeur true
[INFO ] 02 mars 2020 00:17:02,651 [main] GestionConfiguration - configuration acctuel :taille code 4 nombre d'essai 10 Mode devellopeur true
[INFO ] 02 mars 2020 00:17:39,186 [main] GestionConfiguration - configuration acctuel :taille code 4 nombre d'essai 10 Mode devellopeur true
[INFO ] 02 mars 2020 00:18:14,850 [main] GestionConfiguration - configuration acctuel :taille code 4 nombre d'essai 10 Mode devellopeur true
[INFO ] 02 mars 2020 00:18:43,321 [main] GestionConfiguration - configuration acctuel :taille code 4 nombre d'essai 10 Mode devellopeur true
[INFO ] 02 mars 2020 00:19:29,456 [main] GestionConfiguration - configuration acctuel :taille code 4 nombre d'essai 10 Mode devellopeur true
[INFO ] 02 mars 2020 09:36:37,301 [main] GestionConfiguration - configuration acctuel :taille code 4 nombre d'essai 10 Mode devellopeur true
[INFO ] 02 mars 2020 09:37:28,582 [main] GestionConfiguration - configuration acctuel :taille code 4 nombre d'essai 10 Mode devellopeur true
[INFO ] 02 mars 2020 09:37:59,183 [main] GestionConfiguration - configuration acctuel :taille code 4 nombre d'essai 10 Mode devellopeur true
[INFO ] 02 mars 2020 09:38:14,965 [main] GestionConfiguration - configuration acctuel :taille code 4 nombre d'essai 10 Mode devellopeur true
[INFO ] 02 mars 2020 09:38:59,095 [main] GestionConfiguration - configuration acctuel :taille code 4 nombre d'essai 10 Mode devellopeur true
[INFO ] 02 mars 2020 09:43:17,888 [main] GestionConfiguration - configuration acctuel :taille code 4 nombre d'essai 10 Mode devellopeur true
[INFO ] 02 mars 2020 09:43:20,494 [main] Challengeur - Vous avez choisi le mode Challenger 
[INFO ] 02 mars 2020 09:43:20,495 [main] Challengeur - Dans ce mode de jeu, L'intelligence artificielle de l’ordinateur joue le rôle de défenseur. 
Elle définit une combinaison de 4 chiffres aléatoirement.
Vous avez le rôle d'attaquant vous devez faire une proposition de 4 chiffre
[INFO ] 02 mars 2020 09:54:41,323 [main] GestionConfiguration - configuration acctuel :taille code 4 nombre d'essai 10 Mode devellopeur true
[INFO ] 02 mars 2020 09:57:23,203 [main] GestionConfiguration - configuration acctuel :taille code 4 nombre d'essai 10 Mode devellopeur true
[INFO ] 02 mars 2020 09:58:28,027 [main] GestionConfiguration - configuration acctuel :taille code 4 nombre d'essai 10 Mode devellopeur true
[INFO ] 02 mars 2020 09:58:48,423 [main] GestionConfiguration - configuration acctuel :taille code 4 nombre d'essai 10 Mode devellopeur true
[INFO ] 02 mars 2020 10:06:12,019 [main] GestionConfiguration - configuration acctuel :taille code 4 nombre d'essai 10 Mode devellopeur true
[INFO ] 02 mars 2020 10:11:15,678 [main] GestionConfiguration - configuration acctuel :taille code 4 nombre d'essai 10 Mode devellopeur true
[INFO ] 02 mars 2020 10:11:26,162 [main] GestionConfiguration - configuration acctuel :taille code 4 nombre d'essai 10 Mode devellopeur true
[INFO ] 02 mars 2020 10:14:01,227 [main] GestionConfiguration - configuration acctuel :taille code 4 nombre d'essai 10 Mode devellopeur true
[INFO ] 02 mars 2020 11:00:07,403 [main] GestionConfiguration - configuration acctuel :taille code 4 nombre d'essai 10 Mode devellopeur true
[INFO ] 02 mars 2020 11:01:48,974 [main] GestionConfiguration - configuration acctuel :taille code 4 nombre d'essai 10 Mode devellopeur true
[INFO ] 02 mars 2020 11:33:55,412 [main] GestionConfiguration - configuration acctuel :taille code 4 nombre d'essai 10 Mode devellopeur true
[INFO ] 02 mars 2020 11:48:23,573 [main] GestionConfiguration - configuration acctuel :taille code 4 nombre d'essai 10 Mode devellopeur true
[INFO ] 02 mars 2020 11:50:47,110 [main] GestionConfiguration - configuration acctuel :taille code 4 nombre d'essai 10 Mode devellopeur true
[INFO ] 02 mars 2020 12:03:23,101 [main] GestionConfiguration - configuration acctuel :taille code 4 nombre d'essai 10 Mode devellopeur true
[INFO ] 02 mars 2020 12:07:05,432 [main] GestionConfiguration - configuration acctuel :taille code 4 nombre d'essai 10 Mode devellopeur true
[INFO ] 02 mars 2020 12:15:14,083 [main] GestionConfiguration - configuration acctuel :taille code 4 nombre d'essai 10 Mode devellopeur true
[INFO ] 02 mars 2020 12:15:51,962 [main] GestionConfiguration - configuration acctuel :taille code 4 nombre d'essai 10 Mode devellopeur true
[INFO ] 02 mars 2020 12:17:17,424 [main] GestionConfiguration - configuration acctuel :taille code 4 nombre d'essai 10 Mode devellopeur true
[INFO ] 02 mars 2020 12:22:21,459 [main] GestionConfiguration - configuration acctuel :taille code 4 nombre d'essai 10 Mode devellopeur true
[INFO ] 02 mars 2020 20:20:26,152 [main] GestionConfiguration - configuration acctuel :taille code 4 nombre d'essai 10 Mode devellopeur true
[INFO ] 02 mars 2020 20:24:17,974 [main] GestionConfiguration - configuration acctuel :taille code 4 nombre d'essai 10 Mode devellopeur true
[INFO ] 04 mars 2020 14:01:58,233 [main] GestionConfiguration - configuration acctuel :taille code 4 nombre d'essai 10 Mode devellopeur true
[INFO ] 04 mars 2020 14:25:58,088 [main] GestionConfiguration - configuration acctuel :taille code 4 nombre d'essai 10 Mode devellopeur true
[INFO ] 04 mars 2020 14:26:01,597 [main] Challengeur - Vous avez choisi le mode Challenger 
[INFO ] 04 mars 2020 14:26:01,599 [main] Challengeur - Dans ce mode de jeu, L'intelligence artificielle de l’ordinateur joue le rôle de défenseur. 
Elle définit une combinaison de 4 chiffres aléatoirement.
Vous avez le rôle d'attaquant vous devez faire une proposition de 4 chiffre
[INFO ] 05 mars 2020 20:33:49,827 [main] GestionConfiguration - configuration acctuel :taille code 4 nombre d'essai 10 Mode devellopeur true
[INFO ] 06 mars 2020 19:41:29,579 [main] GestionConfiguration - configuration acctuel :taille code 4 nombre d'essai 10 Mode devellopeur true
[INFO ] 06 mars 2020 19:46:57,924 [main] GestionConfiguration - configuration acctuel :taille code 4 nombre d'essai 10 Mode devellopeur true
[INFO ] 06 mars 2020 20:06:15,173 [main] GestionConfiguration - configuration acctuel :taille code 4 nombre d'essai 10 Mode devellopeur true
[INFO ] 06 mars 2020 20:08:12,030 [main] GestionConfiguration - configuration acctuel :taille code 4 nombre d'essai 10 Mode devellopeur true
[INFO ] 06 mars 2020 20:08:13,947 [main] Challengeur - Vous avez choisi le mode Challenger 
[INFO ] 06 mars 2020 20:08:13,948 [main] Challengeur - Dans ce mode de jeu, L'intelligence artificielle de l’ordinateur joue le rôle de défenseur. 
Elle définit une combinaison de 4 chiffres aléatoirement.
Vous avez le rôle d'attaquant vous devez faire une proposition de 4 chiffre
[INFO ] 06 mars 2020 20:12:00,475 [main] GestionConfiguration - configuration acctuel :taille code 4 nombre d'essai 10 Mode devellopeur true
[INFO ] 06 mars 2020 20:12:03,225 [main] Challengeur - Vous avez choisi le mode Challenger 
[INFO ] 06 mars 2020 20:12:03,226 [main] Challengeur - Dans ce mode de jeu, L'intelligence artificielle de l’ordinateur joue le rôle de défenseur. 
Elle définit une combinaison de 4 chiffres aléatoirement.
Vous avez le rôle d'attaquant vous devez faire une proposition de 4 chiffre
[INFO ] 06 mars 2020 20:13:56,077 [main] GestionConfiguration - configuration acctuel :taille code 4 nombre d'essai 10 Mode devellopeur true
[INFO ] 06 mars 2020 20:14:03,313 [main] Challengeur - Vous avez choisi le mode Challenger 
[INFO ] 06 mars 2020 20:14:03,313 [main] Challengeur - Dans ce mode de jeu, L'intelligence artificielle de l’ordinateur joue le rôle de défenseur. 
Elle définit une combinaison de 4 chiffres aléatoirement.
Vous avez le rôle d'attaquant vous devez faire une proposition de 4 chiffre
[INFO ] 06 mars 2020 20:14:36,013 [main] GestionConfiguration - configuration acctuel :taille code 4 nombre d'essai 10 Mode devellopeur true
